<?xml version="1.0" encoding="UTF-8"?>
<!-- Generated by org.testng.reporters.JUnitReportReporter -->
<testsuite hostname="Robin" failures="0" tests="1" name="TestCases.TC_002" time="4.037" errors="0" timestamp="11 Mar 2022 10:39:11 GMT" skipped="0">
  <testcase classname="TestCases.TC_002" name="TC_001_loginandVerify" time="4.037"/>
</testsuite> <!-- TestCases.TC_002 -->
