<?xml version="1.0" encoding="UTF-8"?>
<!-- Generated by org.testng.reporters.JUnitReportReporter -->
<testsuite hostname="Robin" failures="0" tests="1" name="TestCases.TS_02_OrangeHRM_Login_Credential_From_UI" time="9.027" errors="0" timestamp="14 Mar 2022 11:52:09 GMT" skipped="0">
  <testcase classname="TestCases.TS_02_OrangeHRM_Login_Credential_From_UI" name="TS_02_OrangeHRM_Login_FromTestScreen" time="9.027"/>
</testsuite> <!-- TestCases.TS_02_OrangeHRM_Login_Credential_From_UI -->
