<?xml version="1.0" encoding="UTF-8"?>
<!-- Generated by org.testng.reporters.JUnitReportReporter -->
<testsuite hostname="Robin" failures="0" tests="2" name="TestCases.TC_001_Integration" time="11.652" errors="0" timestamp="11 Mar 2022 10:38:03 GMT" skipped="0">
  <testcase classname="TestCases.TC_001_Integration" name="TC_001_loginandVerify" time="8.569"/>
  <testcase classname="TestCases.TC_001_Integration" name="TC_001_loginandVerify" time="3.083"/>
</testsuite> <!-- TestCases.TC_001_Integration -->
