<?xml version="1.0" encoding="UTF-8"?>
<!-- Generated by org.testng.reporters.JUnitReportReporter -->
<testsuite hostname="Robin" failures="0" tests="1" name="TestCases.TS_02_OrangeHRM_Login_Credential_From_UI" time="8.773" errors="0" timestamp="11 Mar 2022 18:46:46 GMT" skipped="0">
  <testcase classname="TestCases.TS_02_OrangeHRM_Login_Credential_From_UI" name="TS_02_OrangeHRM_Login_FromTestScreen" time="8.773"/>
</testsuite> <!-- TestCases.TS_02_OrangeHRM_Login_Credential_From_UI -->
