<?xml version="1.0" encoding="UTF-8"?>
<!-- Generated by org.testng.reporters.JUnitReportReporter -->
<testsuite hostname="Robin" failures="0" tests="1" name="TestCases.TS_01_OrangeHRM_Login_Random_Credential" time="6.032" errors="0" timestamp="14 Mar 2022 11:52:09 GMT" skipped="0">
  <testcase classname="TestCases.TS_01_OrangeHRM_Login_Random_Credential" name="TS_01_OrangeHRM_Login_Invalid_Credential" time="6.032"/>
</testsuite> <!-- TestCases.TS_01_OrangeHRM_Login_Random_Credential -->
